<?xml version="1.0" encoding="UTF-8"?>
<testsuite xmlns:xsi="http://www.w3.org/2001/XMLSchema-instance" xsi:noNamespaceSchemaLocation="https://maven.apache.org/surefire/maven-surefire-plugin/xsd/surefire-test-report-3.0.xsd" version="3.0" name="CheckUpperCharTest" time="0.074" tests="8" errors="0" skipped="0" failures="0">
  <properties>
[...]
</properties>
  <testcase name="testAllUpperCase" classname="CheckUpperCharTest" time="0.025"/>
  <testcase name="testPasswordWithoutUpperCase" classname="CheckUpperCharTest" time="0.001"/>
  <testcase name="testUpperCaseAtEnd" classname="CheckUpperCharTest" time="0.001"/>
  <testcase name="testPasswordContainUpperChar" classname="CheckUpperCharTest" time="0.001"/>
  <testcase name="testEmptyString" classname="CheckUpperCharTest" time="0.001"/>
  <testcase name="testNullString" classname="CheckUpperCharTest" time="0.001"/>
  <testcase name="testUpperCaseWithNumbersAndSpecialChars" classname="CheckUpperCharTest" time="0.001"/>
  <testcase name="testNumbersAndSpecialChars" classname="CheckUpperCharTest" time="0.002"/>
</testsuite>